[16-Nov-2023 21:41:20 UTC] PHP Warning:  Attempt to read property "title" on null in /Users/marcorelcalixtemacmini/Local Sites/spotless-honey-cleaning-services-llc/app/public/wp-includes/class-wp-customize-widgets.php on line 905
[17-Nov-2023 11:08:28 UTC] PHP Warning:  Unknown: Failed to open stream: No such file or directory in Unknown on line 0
[17-Nov-2023 11:08:28 UTC] PHP Fatal error:  Failed opening required '/private/var/folders/4r/35wsvxk13s78nj8h6wwhf9vr0000gn/T/AppTranslocation/E203E8FC-01F2-459B-95FB-B4E27FEC8308/d/Local.app/Contents/Resources/extraResources/local-bootstrap.php' (include_path='.:/usr/share/php:/www/wp-content/pear') in Unknown on line 0
[17-Nov-2023 11:08:28 UTC] PHP Warning:  Unknown: Failed to open stream: No such file or directory in Unknown on line 0
[17-Nov-2023 11:08:28 UTC] PHP Fatal error:  Failed opening required '/private/var/folders/4r/35wsvxk13s78nj8h6wwhf9vr0000gn/T/AppTranslocation/E203E8FC-01F2-459B-95FB-B4E27FEC8308/d/Local.app/Contents/Resources/extraResources/local-bootstrap.php' (include_path='.:/usr/share/php:/www/wp-content/pear') in Unknown on line 0
[17-Nov-2023 11:08:32 UTC] PHP Warning:  Unknown: Failed to open stream: No such file or directory in Unknown on line 0
[17-Nov-2023 11:08:32 UTC] PHP Fatal error:  Failed opening required '/private/var/folders/4r/35wsvxk13s78nj8h6wwhf9vr0000gn/T/AppTranslocation/E203E8FC-01F2-459B-95FB-B4E27FEC8308/d/Local.app/Contents/Resources/extraResources/local-bootstrap.php' (include_path='.:/usr/share/php:/www/wp-content/pear') in Unknown on line 0
[17-Nov-2023 11:08:33 UTC] PHP Warning:  Unknown: Failed to open stream: No such file or directory in Unknown on line 0
[17-Nov-2023 11:08:33 UTC] PHP Fatal error:  Failed opening required '/private/var/folders/4r/35wsvxk13s78nj8h6wwhf9vr0000gn/T/AppTranslocation/E203E8FC-01F2-459B-95FB-B4E27FEC8308/d/Local.app/Contents/Resources/extraResources/local-bootstrap.php' (include_path='.:/usr/share/php:/www/wp-content/pear') in Unknown on line 0
[17-Nov-2023 11:10:53 UTC] PHP Warning:  Unknown: Failed to open stream: No such file or directory in Unknown on line 0
[17-Nov-2023 11:10:53 UTC] PHP Fatal error:  Failed opening required '/private/var/folders/4r/35wsvxk13s78nj8h6wwhf9vr0000gn/T/AppTranslocation/E203E8FC-01F2-459B-95FB-B4E27FEC8308/d/Local.app/Contents/Resources/extraResources/local-bootstrap.php' (include_path='.:/usr/share/php:/www/wp-content/pear') in Unknown on line 0
[17-Nov-2023 11:10:53 UTC] PHP Warning:  Unknown: Failed to open stream: No such file or directory in Unknown on line 0
[17-Nov-2023 11:10:53 UTC] PHP Fatal error:  Failed opening required '/private/var/folders/4r/35wsvxk13s78nj8h6wwhf9vr0000gn/T/AppTranslocation/E203E8FC-01F2-459B-95FB-B4E27FEC8308/d/Local.app/Contents/Resources/extraResources/local-bootstrap.php' (include_path='.:/usr/share/php:/www/wp-content/pear') in Unknown on line 0
[17-Nov-2023 23:02:25 UTC] PHP Fatal error:  Uncaught Error: Call to a member function update_meta() on null in /Users/marcorelcalixtemacmini/Local Sites/spotless-honey-cleaning-services-llc/app/public/wp-content/plugins/elementor-pro/modules/theme-builder/classes/conditions-manager.php:312
Stack trace:
#0 /Users/marcorelcalixtemacmini/Local Sites/spotless-honey-cleaning-services-llc/app/public/wp-content/plugins/elementor-pro/modules/theme-builder/classes/conditions-manager.php(185): ElementorPro\Modules\ThemeBuilder\Classes\Conditions_Manager->save_conditions(49, Array)
#1 [internal function]: ElementorPro\Modules\ThemeBuilder\Classes\Conditions_Manager->ajax_save_theme_template_conditions(Array, Object(Elementor\Core\Common\Modules\Ajax\Module))
#2 /Users/marcorelcalixtemacmini/Local Sites/spotless-honey-cleaning-services-llc/app/public/wp-content/plugins/elementor/core/common/modules/ajax/module.php(176): call_user_func(Array, Array, Object(Elementor\Core\Common\Modules\Ajax\Module))
#3 /Users/marcorelcalixtemacmini/Local Sites/spotless-honey-cleaning-services-llc/app/public/wp-includes/class-wp-hook.php(324): Elementor\Core\Common\Modules\Ajax\Module->handle_ajax_request('')
#4 /Users/marcorelcalixtemacmini/Local Sites/spotless-honey-cleaning-services-llc/app/public/wp-includes/class-wp-hook.php(348): WP_Hook->apply_filters('', Array)
#5 /Users/marcorelcalixtemacmini/Local Sites/spotless-honey-cleaning-services-llc/app/public/wp-includes/plugin.php(517): WP_Hook->do_action(Array)
#6 /Users/marcorelcalixtemacmini/Local Sites/spotless-honey-cleaning-services-llc/app/public/wp-admin/admin-ajax.php(188): do_action('wp_ajax_element...')
#7 {main}
  thrown in /Users/marcorelcalixtemacmini/Local Sites/spotless-honey-cleaning-services-llc/app/public/wp-content/plugins/elementor-pro/modules/theme-builder/classes/conditions-manager.php on line 312
[19-Nov-2023 19:33:25 UTC] PHP Warning:  Unknown: Failed to open stream: No such file or directory in Unknown on line 0
[19-Nov-2023 19:33:25 UTC] PHP Fatal error:  Failed opening required '/private/var/folders/4r/35wsvxk13s78nj8h6wwhf9vr0000gn/T/AppTranslocation/4CB7A876-9360-4585-A02E-E08A185A10D9/d/Local.app/Contents/Resources/extraResources/local-bootstrap.php' (include_path='.:/usr/share/php:/www/wp-content/pear') in Unknown on line 0
[19-Nov-2023 19:33:26 UTC] PHP Warning:  Unknown: Failed to open stream: No such file or directory in Unknown on line 0
[19-Nov-2023 19:33:26 UTC] PHP Fatal error:  Failed opening required '/private/var/folders/4r/35wsvxk13s78nj8h6wwhf9vr0000gn/T/AppTranslocation/4CB7A876-9360-4585-A02E-E08A185A10D9/d/Local.app/Contents/Resources/extraResources/local-bootstrap.php' (include_path='.:/usr/share/php:/www/wp-content/pear') in Unknown on line 0
[19-Nov-2023 21:33:59 UTC] PHP Warning:  Undefined array key "editor_post_id" in /Users/marcorelcalixtemacmini/Local Sites/spotless-honey-cleaning-services-llc/app/public/wp-content/plugins/elementor-pro/modules/theme-builder/classes/conditions-manager.php on line 179
[19-Nov-2023 21:34:33 UTC] PHP Warning:  Undefined array key "editor_post_id" in /Users/marcorelcalixtemacmini/Local Sites/spotless-honey-cleaning-services-llc/app/public/wp-content/plugins/elementor/modules/history/revisions-manager.php on line 363
[19-Nov-2023 21:53:48 UTC] PHP Warning:  Undefined array key "button_icon" in /Users/marcorelcalixtemacmini/Local Sites/spotless-honey-cleaning-services-llc/app/public/wp-content/plugins/elementor-pro/modules/forms/widgets/form.php on line 2085
[19-Nov-2023 21:55:34 UTC] PHP Warning:  Undefined array key "button_icon" in /Users/marcorelcalixtemacmini/Local Sites/spotless-honey-cleaning-services-llc/app/public/wp-content/plugins/elementor-pro/modules/forms/widgets/form.php on line 2085
[20-Nov-2023 18:06:53 UTC] PHP Warning:  Unknown: Failed to open stream: No such file or directory in Unknown on line 0
[20-Nov-2023 18:06:53 UTC] PHP Fatal error:  Failed opening required '/private/var/folders/4r/35wsvxk13s78nj8h6wwhf9vr0000gn/T/AppTranslocation/32FB1DE2-37C2-41A7-8B27-75F35D46C7B6/d/Local.app/Contents/Resources/extraResources/local-bootstrap.php' (include_path='.:/usr/share/php:/www/wp-content/pear') in Unknown on line 0
[20-Nov-2023 18:06:53 UTC] PHP Warning:  Unknown: Failed to open stream: No such file or directory in Unknown on line 0
[20-Nov-2023 18:06:53 UTC] PHP Fatal error:  Failed opening required '/private/var/folders/4r/35wsvxk13s78nj8h6wwhf9vr0000gn/T/AppTranslocation/32FB1DE2-37C2-41A7-8B27-75F35D46C7B6/d/Local.app/Contents/Resources/extraResources/local-bootstrap.php' (include_path='.:/usr/share/php:/www/wp-content/pear') in Unknown on line 0
[23-Nov-2023 19:33:38 UTC] PHP Warning:  Unknown: Failed to open stream: No such file or directory in Unknown on line 0
[23-Nov-2023 19:33:38 UTC] PHP Fatal error:  Failed opening required '/private/var/folders/4r/35wsvxk13s78nj8h6wwhf9vr0000gn/T/AppTranslocation/A27390F8-615E-4342-AED5-CD8EFAD2A9CF/d/Local.app/Contents/Resources/extraResources/local-bootstrap.php' (include_path='.:/usr/share/php:/www/wp-content/pear') in Unknown on line 0
[23-Nov-2023 19:33:38 UTC] PHP Warning:  Unknown: Failed to open stream: No such file or directory in Unknown on line 0
[23-Nov-2023 19:33:38 UTC] PHP Fatal error:  Failed opening required '/private/var/folders/4r/35wsvxk13s78nj8h6wwhf9vr0000gn/T/AppTranslocation/A27390F8-615E-4342-AED5-CD8EFAD2A9CF/d/Local.app/Contents/Resources/extraResources/local-bootstrap.php' (include_path='.:/usr/share/php:/www/wp-content/pear') in Unknown on line 0
[23-Nov-2023 19:33:39 UTC] PHP Warning:  Unknown: Failed to open stream: No such file or directory in Unknown on line 0
[23-Nov-2023 19:33:39 UTC] PHP Fatal error:  Failed opening required '/private/var/folders/4r/35wsvxk13s78nj8h6wwhf9vr0000gn/T/AppTranslocation/A27390F8-615E-4342-AED5-CD8EFAD2A9CF/d/Local.app/Contents/Resources/extraResources/local-bootstrap.php' (include_path='.:/usr/share/php:/www/wp-content/pear') in Unknown on line 0
[23-Nov-2023 19:33:39 UTC] PHP Warning:  Unknown: Failed to open stream: No such file or directory in Unknown on line 0
[23-Nov-2023 19:33:39 UTC] PHP Fatal error:  Failed opening required '/private/var/folders/4r/35wsvxk13s78nj8h6wwhf9vr0000gn/T/AppTranslocation/A27390F8-615E-4342-AED5-CD8EFAD2A9CF/d/Local.app/Contents/Resources/extraResources/local-bootstrap.php' (include_path='.:/usr/share/php:/www/wp-content/pear') in Unknown on line 0
[24-Nov-2023 17:39:42 UTC] PHP Warning:  Unknown: Failed to open stream: No such file or directory in Unknown on line 0
[24-Nov-2023 17:39:42 UTC] PHP Fatal error:  Failed opening required '/private/var/folders/4r/35wsvxk13s78nj8h6wwhf9vr0000gn/T/AppTranslocation/ECA9A5CF-9A88-49BB-AD46-BA96162E49D4/d/Local.app/Contents/Resources/extraResources/local-bootstrap.php' (include_path='.:/usr/share/php:/www/wp-content/pear') in Unknown on line 0
[24-Nov-2023 17:39:42 UTC] PHP Warning:  Unknown: Failed to open stream: No such file or directory in Unknown on line 0
[24-Nov-2023 17:39:42 UTC] PHP Fatal error:  Failed opening required '/private/var/folders/4r/35wsvxk13s78nj8h6wwhf9vr0000gn/T/AppTranslocation/ECA9A5CF-9A88-49BB-AD46-BA96162E49D4/d/Local.app/Contents/Resources/extraResources/local-bootstrap.php' (include_path='.:/usr/share/php:/www/wp-content/pear') in Unknown on line 0
[25-Nov-2023 18:31:50 UTC] PHP Warning:  Unknown: Failed to open stream: No such file or directory in Unknown on line 0
[25-Nov-2023 18:31:50 UTC] PHP Fatal error:  Failed opening required '/private/var/folders/4r/35wsvxk13s78nj8h6wwhf9vr0000gn/T/AppTranslocation/04F645F5-E7DA-4DA5-8093-2FF0E17FE745/d/Local.app/Contents/Resources/extraResources/local-bootstrap.php' (include_path='.:/usr/share/php:/www/wp-content/pear') in Unknown on line 0
[25-Nov-2023 18:31:50 UTC] PHP Warning:  Unknown: Failed to open stream: No such file or directory in Unknown on line 0
[25-Nov-2023 18:31:50 UTC] PHP Fatal error:  Failed opening required '/private/var/folders/4r/35wsvxk13s78nj8h6wwhf9vr0000gn/T/AppTranslocation/04F645F5-E7DA-4DA5-8093-2FF0E17FE745/d/Local.app/Contents/Resources/extraResources/local-bootstrap.php' (include_path='.:/usr/share/php:/www/wp-content/pear') in Unknown on line 0
[26-Nov-2023 20:03:49 UTC] PHP Warning:  Unknown: Failed to open stream: No such file or directory in Unknown on line 0
[26-Nov-2023 20:03:49 UTC] PHP Fatal error:  Failed opening required '/private/var/folders/4r/35wsvxk13s78nj8h6wwhf9vr0000gn/T/AppTranslocation/A50A4BC9-1BEA-4154-8F87-C77FB28265C6/d/Local.app/Contents/Resources/extraResources/local-bootstrap.php' (include_path='.:/usr/share/php:/www/wp-content/pear') in Unknown on line 0
[26-Nov-2023 20:03:49 UTC] PHP Warning:  Unknown: Failed to open stream: No such file or directory in Unknown on line 0
[26-Nov-2023 20:03:49 UTC] PHP Fatal error:  Failed opening required '/private/var/folders/4r/35wsvxk13s78nj8h6wwhf9vr0000gn/T/AppTranslocation/A50A4BC9-1BEA-4154-8F87-C77FB28265C6/d/Local.app/Contents/Resources/extraResources/local-bootstrap.php' (include_path='.:/usr/share/php:/www/wp-content/pear') in Unknown on line 0
[27-Nov-2023 15:33:33 UTC] PHP Warning:  Unknown: Failed to open stream: No such file or directory in Unknown on line 0
[27-Nov-2023 15:33:33 UTC] PHP Fatal error:  Failed opening required '/private/var/folders/4r/35wsvxk13s78nj8h6wwhf9vr0000gn/T/AppTranslocation/22800BF4-AC60-4591-AE4D-601610C70303/d/Local.app/Contents/Resources/extraResources/local-bootstrap.php' (include_path='.:/usr/share/php:/www/wp-content/pear') in Unknown on line 0
[27-Nov-2023 15:33:34 UTC] PHP Warning:  Unknown: Failed to open stream: No such file or directory in Unknown on line 0
[27-Nov-2023 15:33:34 UTC] PHP Fatal error:  Failed opening required '/private/var/folders/4r/35wsvxk13s78nj8h6wwhf9vr0000gn/T/AppTranslocation/22800BF4-AC60-4591-AE4D-601610C70303/d/Local.app/Contents/Resources/extraResources/local-bootstrap.php' (include_path='.:/usr/share/php:/www/wp-content/pear') in Unknown on line 0
[28-Nov-2023 18:09:48 UTC] PHP Warning:  Unknown: Failed to open stream: No such file or directory in Unknown on line 0
[28-Nov-2023 18:09:48 UTC] PHP Fatal error:  Failed opening required '/private/var/folders/4r/35wsvxk13s78nj8h6wwhf9vr0000gn/T/AppTranslocation/F74A8912-D004-4200-8B46-C975712975E0/d/Local.app/Contents/Resources/extraResources/local-bootstrap.php' (include_path='.:/usr/share/php:/www/wp-content/pear') in Unknown on line 0
[28-Nov-2023 18:09:48 UTC] PHP Warning:  Unknown: Failed to open stream: No such file or directory in Unknown on line 0
[28-Nov-2023 18:09:48 UTC] PHP Fatal error:  Failed opening required '/private/var/folders/4r/35wsvxk13s78nj8h6wwhf9vr0000gn/T/AppTranslocation/F74A8912-D004-4200-8B46-C975712975E0/d/Local.app/Contents/Resources/extraResources/local-bootstrap.php' (include_path='.:/usr/share/php:/www/wp-content/pear') in Unknown on line 0
[28-Nov-2023 18:09:52 UTC] Cron reschedule event error for hook: wp_privacy_delete_old_export_files, Error code: could_not_set, Error message: The cron event list could not be saved., Data: {"schedule":"hourly","args":[],"interval":3600}
[29-Nov-2023 16:04:35 UTC] PHP Warning:  Unknown: Failed to open stream: No such file or directory in Unknown on line 0
[29-Nov-2023 16:04:35 UTC] PHP Fatal error:  Failed opening required '/private/var/folders/4r/35wsvxk13s78nj8h6wwhf9vr0000gn/T/AppTranslocation/F6EB5A1D-36D0-40E0-AB72-6D6EAD4C0FCD/d/Local.app/Contents/Resources/extraResources/local-bootstrap.php' (include_path='.:/usr/share/php:/www/wp-content/pear') in Unknown on line 0
[29-Nov-2023 16:04:35 UTC] PHP Warning:  Unknown: Failed to open stream: No such file or directory in Unknown on line 0
[29-Nov-2023 16:04:35 UTC] PHP Fatal error:  Failed opening required '/private/var/folders/4r/35wsvxk13s78nj8h6wwhf9vr0000gn/T/AppTranslocation/F6EB5A1D-36D0-40E0-AB72-6D6EAD4C0FCD/d/Local.app/Contents/Resources/extraResources/local-bootstrap.php' (include_path='.:/usr/share/php:/www/wp-content/pear') in Unknown on line 0
[30-Nov-2023 16:08:20 UTC] PHP Warning:  Unknown: Failed to open stream: No such file or directory in Unknown on line 0
[30-Nov-2023 16:08:20 UTC] PHP Fatal error:  Failed opening required '/private/var/folders/4r/35wsvxk13s78nj8h6wwhf9vr0000gn/T/AppTranslocation/51A2838D-8BF1-4F7F-B3D2-46EF7587CC77/d/Local.app/Contents/Resources/extraResources/local-bootstrap.php' (include_path='.:/usr/share/php:/www/wp-content/pear') in Unknown on line 0
[30-Nov-2023 16:08:20 UTC] PHP Warning:  Unknown: Failed to open stream: No such file or directory in Unknown on line 0
[30-Nov-2023 16:08:20 UTC] PHP Fatal error:  Failed opening required '/private/var/folders/4r/35wsvxk13s78nj8h6wwhf9vr0000gn/T/AppTranslocation/51A2838D-8BF1-4F7F-B3D2-46EF7587CC77/d/Local.app/Contents/Resources/extraResources/local-bootstrap.php' (include_path='.:/usr/share/php:/www/wp-content/pear') in Unknown on line 0
[01-Dec-2023 16:38:39 UTC] PHP Warning:  Unknown: Failed to open stream: No such file or directory in Unknown on line 0
[01-Dec-2023 16:38:39 UTC] PHP Fatal error:  Failed opening required '/private/var/folders/4r/35wsvxk13s78nj8h6wwhf9vr0000gn/T/AppTranslocation/23EB5D5D-A77B-4C00-924F-E0D9D11EB12E/d/Local.app/Contents/Resources/extraResources/local-bootstrap.php' (include_path='.:/usr/share/php:/www/wp-content/pear') in Unknown on line 0
[01-Dec-2023 16:38:39 UTC] PHP Warning:  Unknown: Failed to open stream: No such file or directory in Unknown on line 0
[01-Dec-2023 16:38:39 UTC] PHP Fatal error:  Failed opening required '/private/var/folders/4r/35wsvxk13s78nj8h6wwhf9vr0000gn/T/AppTranslocation/23EB5D5D-A77B-4C00-924F-E0D9D11EB12E/d/Local.app/Contents/Resources/extraResources/local-bootstrap.php' (include_path='.:/usr/share/php:/www/wp-content/pear') in Unknown on line 0
[02-Dec-2023 17:18:48 UTC] PHP Warning:  Unknown: Failed to open stream: No such file or directory in Unknown on line 0
[02-Dec-2023 17:18:48 UTC] PHP Fatal error:  Failed opening required '/private/var/folders/4r/35wsvxk13s78nj8h6wwhf9vr0000gn/T/AppTranslocation/0A1145C0-59E8-405F-8E08-8B06583DFE39/d/Local.app/Contents/Resources/extraResources/local-bootstrap.php' (include_path='.:/usr/share/php:/www/wp-content/pear') in Unknown on line 0
[02-Dec-2023 17:18:48 UTC] PHP Warning:  Unknown: Failed to open stream: No such file or directory in Unknown on line 0
[02-Dec-2023 17:18:48 UTC] PHP Fatal error:  Failed opening required '/private/var/folders/4r/35wsvxk13s78nj8h6wwhf9vr0000gn/T/AppTranslocation/0A1145C0-59E8-405F-8E08-8B06583DFE39/d/Local.app/Contents/Resources/extraResources/local-bootstrap.php' (include_path='.:/usr/share/php:/www/wp-content/pear') in Unknown on line 0
[06-Dec-2023 17:37:57 UTC] PHP Warning:  Unknown: Failed to open stream: No such file or directory in Unknown on line 0
[06-Dec-2023 17:37:57 UTC] PHP Fatal error:  Failed opening required '/private/var/folders/4r/35wsvxk13s78nj8h6wwhf9vr0000gn/T/AppTranslocation/85E15A1B-4D68-4452-A396-F30F01D19445/d/Local.app/Contents/Resources/extraResources/local-bootstrap.php' (include_path='.:/usr/share/php:/www/wp-content/pear') in Unknown on line 0
[06-Dec-2023 17:37:57 UTC] PHP Warning:  Unknown: Failed to open stream: No such file or directory in Unknown on line 0
[06-Dec-2023 17:37:57 UTC] PHP Fatal error:  Failed opening required '/private/var/folders/4r/35wsvxk13s78nj8h6wwhf9vr0000gn/T/AppTranslocation/85E15A1B-4D68-4452-A396-F30F01D19445/d/Local.app/Contents/Resources/extraResources/local-bootstrap.php' (include_path='.:/usr/share/php:/www/wp-content/pear') in Unknown on line 0
[07-Dec-2023 17:18:22 UTC] PHP Warning:  Unknown: Failed to open stream: No such file or directory in Unknown on line 0
[07-Dec-2023 17:18:22 UTC] PHP Fatal error:  Failed opening required '/private/var/folders/4r/35wsvxk13s78nj8h6wwhf9vr0000gn/T/AppTranslocation/5C543D6E-941C-45B7-967E-3FC31AF68320/d/Local.app/Contents/Resources/extraResources/local-bootstrap.php' (include_path='.:/usr/share/php:/www/wp-content/pear') in Unknown on line 0
[07-Dec-2023 17:18:22 UTC] PHP Warning:  Unknown: Failed to open stream: No such file or directory in Unknown on line 0
[07-Dec-2023 17:18:22 UTC] PHP Fatal error:  Failed opening required '/private/var/folders/4r/35wsvxk13s78nj8h6wwhf9vr0000gn/T/AppTranslocation/5C543D6E-941C-45B7-967E-3FC31AF68320/d/Local.app/Contents/Resources/extraResources/local-bootstrap.php' (include_path='.:/usr/share/php:/www/wp-content/pear') in Unknown on line 0
[07-Dec-2023 22:11:16 UTC] Sync process for Gutenberg Blocks has started.
[07-Dec-2023 22:11:16 UTC] CATEGORY: Storing in option ast-block-templates-categories
[07-Dec-2023 22:11:16 UTC] BLOCK: Requests count 8
[07-Dec-2023 22:11:16 UTC] BLOCK: Importing request 1 ..
[07-Dec-2023 22:11:16 UTC] BLOCK: https://websitedemos.net/wp-json/astra-blocks/v2/blocks/?page_builder=gutenberg&per_page=30&page=1&wireframe=yes
[07-Dec-2023 22:11:16 UTC] BLOCK: Storing in option ast-block-templates-blocks-1
[07-Dec-2023 22:11:16 UTC] BLOCK: Completed request 1
[07-Dec-2023 22:11:16 UTC] BLOCK: Importing request 2 ..
[07-Dec-2023 22:11:16 UTC] BLOCK: https://websitedemos.net/wp-json/astra-blocks/v2/blocks/?page_builder=gutenberg&per_page=30&page=2&wireframe=yes
[07-Dec-2023 22:11:17 UTC] BLOCK: Storing in option ast-block-templates-blocks-2
[07-Dec-2023 22:11:17 UTC] BLOCK: Completed request 2
[07-Dec-2023 22:11:17 UTC] BLOCK: Importing request 3 ..
[07-Dec-2023 22:11:17 UTC] BLOCK: https://websitedemos.net/wp-json/astra-blocks/v2/blocks/?page_builder=gutenberg&per_page=30&page=3&wireframe=yes
[07-Dec-2023 22:11:17 UTC] BLOCK: Storing in option ast-block-templates-blocks-3
[07-Dec-2023 22:11:17 UTC] BLOCK: Completed request 3
[07-Dec-2023 22:11:17 UTC] BLOCK: Importing request 4 ..
[07-Dec-2023 22:11:17 UTC] BLOCK: https://websitedemos.net/wp-json/astra-blocks/v2/blocks/?page_builder=gutenberg&per_page=30&page=4&wireframe=yes
[07-Dec-2023 22:11:17 UTC] BLOCK: Storing in option ast-block-templates-blocks-4
[07-Dec-2023 22:11:17 UTC] BLOCK: Completed request 4
[07-Dec-2023 22:11:17 UTC] BLOCK: Importing request 5 ..
[07-Dec-2023 22:11:17 UTC] BLOCK: https://websitedemos.net/wp-json/astra-blocks/v2/blocks/?page_builder=gutenberg&per_page=30&page=5&wireframe=yes
[07-Dec-2023 22:11:17 UTC] BLOCK: Storing in option ast-block-templates-blocks-5
[07-Dec-2023 22:11:17 UTC] BLOCK: Completed request 5
[07-Dec-2023 22:11:17 UTC] BLOCK: Importing request 6 ..
[07-Dec-2023 22:11:17 UTC] BLOCK: https://websitedemos.net/wp-json/astra-blocks/v2/blocks/?page_builder=gutenberg&per_page=30&page=6&wireframe=yes
[07-Dec-2023 22:11:17 UTC] BLOCK: Storing in option ast-block-templates-blocks-6
[07-Dec-2023 22:11:17 UTC] BLOCK: Completed request 6
[07-Dec-2023 22:11:17 UTC] BLOCK: Importing request 7 ..
[07-Dec-2023 22:11:17 UTC] BLOCK: https://websitedemos.net/wp-json/astra-blocks/v2/blocks/?page_builder=gutenberg&per_page=30&page=7&wireframe=yes
[07-Dec-2023 22:11:18 UTC] BLOCK: Storing in option ast-block-templates-blocks-7
[07-Dec-2023 22:11:18 UTC] BLOCK: Completed request 7
[07-Dec-2023 22:11:18 UTC] BLOCK: Importing request 8 ..
[07-Dec-2023 22:11:18 UTC] BLOCK: https://websitedemos.net/wp-json/astra-blocks/v2/blocks/?page_builder=gutenberg&per_page=30&page=8&wireframe=yes
[07-Dec-2023 22:11:18 UTC] BLOCK: Storing in option ast-block-templates-blocks-8
[07-Dec-2023 22:11:18 UTC] BLOCK: Completed request 8
[07-Dec-2023 22:11:18 UTC] Sync process for Gutenberg Blocks is done.
[08-Dec-2023 20:39:29 UTC] PHP Warning:  Unknown: Failed to open stream: No such file or directory in Unknown on line 0
[08-Dec-2023 20:39:29 UTC] PHP Fatal error:  Failed opening required '/private/var/folders/4r/35wsvxk13s78nj8h6wwhf9vr0000gn/T/AppTranslocation/5A9A8D26-64B9-46FB-BC89-61A5C8B244F7/d/Local.app/Contents/Resources/extraResources/local-bootstrap.php' (include_path='.:/usr/share/php:/www/wp-content/pear') in Unknown on line 0
[08-Dec-2023 20:39:29 UTC] PHP Warning:  Unknown: Failed to open stream: No such file or directory in Unknown on line 0
[08-Dec-2023 20:39:29 UTC] PHP Fatal error:  Failed opening required '/private/var/folders/4r/35wsvxk13s78nj8h6wwhf9vr0000gn/T/AppTranslocation/5A9A8D26-64B9-46FB-BC89-61A5C8B244F7/d/Local.app/Contents/Resources/extraResources/local-bootstrap.php' (include_path='.:/usr/share/php:/www/wp-content/pear') in Unknown on line 0
[09-Dec-2023 16:28:04 UTC] PHP Warning:  Unknown: Failed to open stream: No such file or directory in Unknown on line 0
[09-Dec-2023 16:28:04 UTC] PHP Fatal error:  Failed opening required '/private/var/folders/4r/35wsvxk13s78nj8h6wwhf9vr0000gn/T/AppTranslocation/13B7D7E6-7604-453A-BA4E-2A7D83367761/d/Local.app/Contents/Resources/extraResources/local-bootstrap.php' (include_path='.:/usr/share/php:/www/wp-content/pear') in Unknown on line 0
[09-Dec-2023 16:28:04 UTC] PHP Warning:  Unknown: Failed to open stream: No such file or directory in Unknown on line 0
[09-Dec-2023 16:28:04 UTC] PHP Fatal error:  Failed opening required '/private/var/folders/4r/35wsvxk13s78nj8h6wwhf9vr0000gn/T/AppTranslocation/13B7D7E6-7604-453A-BA4E-2A7D83367761/d/Local.app/Contents/Resources/extraResources/local-bootstrap.php' (include_path='.:/usr/share/php:/www/wp-content/pear') in Unknown on line 0
[10-Dec-2023 16:09:46 UTC] PHP Warning:  Unknown: Failed to open stream: No such file or directory in Unknown on line 0
[10-Dec-2023 16:09:46 UTC] PHP Fatal error:  Failed opening required '/private/var/folders/4r/35wsvxk13s78nj8h6wwhf9vr0000gn/T/AppTranslocation/8585E338-FF20-40C1-BD4C-32D7256ECEA0/d/Local.app/Contents/Resources/extraResources/local-bootstrap.php' (include_path='.:/usr/share/php:/www/wp-content/pear') in Unknown on line 0
[10-Dec-2023 16:09:46 UTC] PHP Warning:  Unknown: Failed to open stream: No such file or directory in Unknown on line 0
[10-Dec-2023 16:09:46 UTC] PHP Fatal error:  Failed opening required '/private/var/folders/4r/35wsvxk13s78nj8h6wwhf9vr0000gn/T/AppTranslocation/8585E338-FF20-40C1-BD4C-32D7256ECEA0/d/Local.app/Contents/Resources/extraResources/local-bootstrap.php' (include_path='.:/usr/share/php:/www/wp-content/pear') in Unknown on line 0
[10-Dec-2023 18:52:13 UTC] PHP Warning:  Unknown: Failed to open stream: No such file or directory in Unknown on line 0
[10-Dec-2023 18:52:13 UTC] PHP Fatal error:  Failed opening required '/private/var/folders/4r/35wsvxk13s78nj8h6wwhf9vr0000gn/T/AppTranslocation/8585E338-FF20-40C1-BD4C-32D7256ECEA0/d/Local.app/Contents/Resources/extraResources/local-bootstrap.php' (include_path='.:/usr/share/php:/www/wp-content/pear') in Unknown on line 0
[10-Dec-2023 18:52:13 UTC] PHP Warning:  Unknown: Failed to open stream: No such file or directory in Unknown on line 0
[10-Dec-2023 18:52:13 UTC] PHP Fatal error:  Failed opening required '/private/var/folders/4r/35wsvxk13s78nj8h6wwhf9vr0000gn/T/AppTranslocation/8585E338-FF20-40C1-BD4C-32D7256ECEA0/d/Local.app/Contents/Resources/extraResources/local-bootstrap.php' (include_path='.:/usr/share/php:/www/wp-content/pear') in Unknown on line 0
[10-Dec-2023 18:58:02 UTC] Sync process for Gutenberg Blocks has started.
[10-Dec-2023 18:58:02 UTC] CATEGORY: Storing in option ast-block-templates-categories
[10-Dec-2023 18:58:02 UTC] BLOCK: Requests count 8
[10-Dec-2023 18:58:02 UTC] BLOCK: Importing request 1 ..
[10-Dec-2023 18:58:02 UTC] BLOCK: https://websitedemos.net/wp-json/astra-blocks/v2/blocks/?page_builder=gutenberg&per_page=30&page=1&wireframe=yes
[10-Dec-2023 18:58:02 UTC] BLOCK: Storing in option ast-block-templates-blocks-1
[10-Dec-2023 18:58:03 UTC] BLOCK: Completed request 1
[10-Dec-2023 18:58:03 UTC] BLOCK: Importing request 2 ..
[10-Dec-2023 18:58:03 UTC] BLOCK: https://websitedemos.net/wp-json/astra-blocks/v2/blocks/?page_builder=gutenberg&per_page=30&page=2&wireframe=yes
[10-Dec-2023 18:58:03 UTC] BLOCK: Storing in option ast-block-templates-blocks-2
[10-Dec-2023 18:58:04 UTC] BLOCK: Completed request 2
[10-Dec-2023 18:58:04 UTC] BLOCK: Importing request 3 ..
[10-Dec-2023 18:58:04 UTC] BLOCK: https://websitedemos.net/wp-json/astra-blocks/v2/blocks/?page_builder=gutenberg&per_page=30&page=3&wireframe=yes
[10-Dec-2023 18:58:04 UTC] BLOCK: Storing in option ast-block-templates-blocks-3
[10-Dec-2023 18:58:04 UTC] BLOCK: Completed request 3
[10-Dec-2023 18:58:04 UTC] BLOCK: Importing request 4 ..
[10-Dec-2023 18:58:04 UTC] BLOCK: https://websitedemos.net/wp-json/astra-blocks/v2/blocks/?page_builder=gutenberg&per_page=30&page=4&wireframe=yes
[10-Dec-2023 18:58:05 UTC] BLOCK: Storing in option ast-block-templates-blocks-4
[10-Dec-2023 18:58:05 UTC] BLOCK: Completed request 4
[10-Dec-2023 18:58:05 UTC] BLOCK: Importing request 5 ..
[10-Dec-2023 18:58:05 UTC] BLOCK: https://websitedemos.net/wp-json/astra-blocks/v2/blocks/?page_builder=gutenberg&per_page=30&page=5&wireframe=yes
[10-Dec-2023 18:58:05 UTC] BLOCK: Storing in option ast-block-templates-blocks-5
[10-Dec-2023 18:58:05 UTC] BLOCK: Completed request 5
[10-Dec-2023 18:58:05 UTC] BLOCK: Importing request 6 ..
[10-Dec-2023 18:58:05 UTC] BLOCK: https://websitedemos.net/wp-json/astra-blocks/v2/blocks/?page_builder=gutenberg&per_page=30&page=6&wireframe=yes
[10-Dec-2023 18:58:06 UTC] BLOCK: Storing in option ast-block-templates-blocks-6
[10-Dec-2023 18:58:06 UTC] BLOCK: Completed request 6
[10-Dec-2023 18:58:06 UTC] BLOCK: Importing request 7 ..
[10-Dec-2023 18:58:06 UTC] BLOCK: https://websitedemos.net/wp-json/astra-blocks/v2/blocks/?page_builder=gutenberg&per_page=30&page=7&wireframe=yes
[10-Dec-2023 18:58:06 UTC] BLOCK: Storing in option ast-block-templates-blocks-7
[10-Dec-2023 18:58:06 UTC] BLOCK: Completed request 7
[10-Dec-2023 18:58:06 UTC] BLOCK: Importing request 8 ..
[10-Dec-2023 18:58:06 UTC] BLOCK: https://websitedemos.net/wp-json/astra-blocks/v2/blocks/?page_builder=gutenberg&per_page=30&page=8&wireframe=yes
[10-Dec-2023 18:58:07 UTC] BLOCK: Storing in option ast-block-templates-blocks-8
[10-Dec-2023 18:58:07 UTC] BLOCK: Completed request 8
[10-Dec-2023 18:58:07 UTC] Sync process for Gutenberg Blocks is done.
[11-Dec-2023 17:33:48 UTC] PHP Warning:  Unknown: Failed to open stream: No such file or directory in Unknown on line 0
[11-Dec-2023 17:33:48 UTC] PHP Fatal error:  Failed opening required '/private/var/folders/4r/35wsvxk13s78nj8h6wwhf9vr0000gn/T/AppTranslocation/BB4676ED-4C01-4EF2-81D5-C3FB4E9D5D1B/d/Local.app/Contents/Resources/extraResources/local-bootstrap.php' (include_path='.:/usr/share/php:/www/wp-content/pear') in Unknown on line 0
[11-Dec-2023 17:33:49 UTC] PHP Warning:  Unknown: Failed to open stream: No such file or directory in Unknown on line 0
[11-Dec-2023 17:33:49 UTC] PHP Fatal error:  Failed opening required '/private/var/folders/4r/35wsvxk13s78nj8h6wwhf9vr0000gn/T/AppTranslocation/BB4676ED-4C01-4EF2-81D5-C3FB4E9D5D1B/d/Local.app/Contents/Resources/extraResources/local-bootstrap.php' (include_path='.:/usr/share/php:/www/wp-content/pear') in Unknown on line 0
[12-Dec-2023 16:12:17 UTC] PHP Warning:  Unknown: Failed to open stream: No such file or directory in Unknown on line 0
[12-Dec-2023 16:12:17 UTC] PHP Fatal error:  Failed opening required '/private/var/folders/4r/35wsvxk13s78nj8h6wwhf9vr0000gn/T/AppTranslocation/7D74413C-E8EF-4A19-B8B0-3C84F0E00056/d/Local.app/Contents/Resources/extraResources/local-bootstrap.php' (include_path='.:/usr/share/php:/www/wp-content/pear') in Unknown on line 0
[12-Dec-2023 16:12:17 UTC] PHP Warning:  Unknown: Failed to open stream: No such file or directory in Unknown on line 0
[12-Dec-2023 16:12:17 UTC] PHP Fatal error:  Failed opening required '/private/var/folders/4r/35wsvxk13s78nj8h6wwhf9vr0000gn/T/AppTranslocation/7D74413C-E8EF-4A19-B8B0-3C84F0E00056/d/Local.app/Contents/Resources/extraResources/local-bootstrap.php' (include_path='.:/usr/share/php:/www/wp-content/pear') in Unknown on line 0
[13-Dec-2023 17:19:22 UTC] PHP Warning:  Unknown: Failed to open stream: No such file or directory in Unknown on line 0
[13-Dec-2023 17:19:22 UTC] PHP Fatal error:  Failed opening required '/private/var/folders/4r/35wsvxk13s78nj8h6wwhf9vr0000gn/T/AppTranslocation/2E957B36-A6D5-4A5B-A7C7-AC75C331CC0A/d/Local.app/Contents/Resources/extraResources/local-bootstrap.php' (include_path='.:/usr/share/php:/www/wp-content/pear') in Unknown on line 0
[13-Dec-2023 17:19:22 UTC] PHP Warning:  Unknown: Failed to open stream: No such file or directory in Unknown on line 0
[13-Dec-2023 17:19:22 UTC] PHP Fatal error:  Failed opening required '/private/var/folders/4r/35wsvxk13s78nj8h6wwhf9vr0000gn/T/AppTranslocation/2E957B36-A6D5-4A5B-A7C7-AC75C331CC0A/d/Local.app/Contents/Resources/extraResources/local-bootstrap.php' (include_path='.:/usr/share/php:/www/wp-content/pear') in Unknown on line 0
[14-Dec-2023 16:53:04 UTC] PHP Warning:  Unknown: Failed to open stream: No such file or directory in Unknown on line 0
[14-Dec-2023 16:53:04 UTC] PHP Fatal error:  Failed opening required '/private/var/folders/4r/35wsvxk13s78nj8h6wwhf9vr0000gn/T/AppTranslocation/22AE8B66-F529-465B-B7F3-2C25E76F0849/d/Local.app/Contents/Resources/extraResources/local-bootstrap.php' (include_path='.:/usr/share/php:/www/wp-content/pear') in Unknown on line 0
[14-Dec-2023 16:53:04 UTC] PHP Warning:  Unknown: Failed to open stream: No such file or directory in Unknown on line 0
[14-Dec-2023 16:53:04 UTC] PHP Fatal error:  Failed opening required '/private/var/folders/4r/35wsvxk13s78nj8h6wwhf9vr0000gn/T/AppTranslocation/22AE8B66-F529-465B-B7F3-2C25E76F0849/d/Local.app/Contents/Resources/extraResources/local-bootstrap.php' (include_path='.:/usr/share/php:/www/wp-content/pear') in Unknown on line 0
[15-Dec-2023 17:53:51 UTC] PHP Warning:  Unknown: Failed to open stream: No such file or directory in Unknown on line 0
[15-Dec-2023 17:53:51 UTC] PHP Fatal error:  Failed opening required '/private/var/folders/4r/35wsvxk13s78nj8h6wwhf9vr0000gn/T/AppTranslocation/1BB23A12-2F90-45AE-8BCD-E3893F0F4103/d/Local.app/Contents/Resources/extraResources/local-bootstrap.php' (include_path='.:/usr/share/php:/www/wp-content/pear') in Unknown on line 0
[15-Dec-2023 17:53:51 UTC] PHP Warning:  Unknown: Failed to open stream: No such file or directory in Unknown on line 0
[15-Dec-2023 17:53:51 UTC] PHP Fatal error:  Failed opening required '/private/var/folders/4r/35wsvxk13s78nj8h6wwhf9vr0000gn/T/AppTranslocation/1BB23A12-2F90-45AE-8BCD-E3893F0F4103/d/Local.app/Contents/Resources/extraResources/local-bootstrap.php' (include_path='.:/usr/share/php:/www/wp-content/pear') in Unknown on line 0
[16-Dec-2023 16:40:48 UTC] PHP Warning:  Unknown: Failed to open stream: No such file or directory in Unknown on line 0
[16-Dec-2023 16:40:48 UTC] PHP Fatal error:  Failed opening required '/private/var/folders/4r/35wsvxk13s78nj8h6wwhf9vr0000gn/T/AppTranslocation/1FB03188-9CC2-4C00-B6FB-F0864D541C1C/d/Local.app/Contents/Resources/extraResources/local-bootstrap.php' (include_path='.:/usr/share/php:/www/wp-content/pear') in Unknown on line 0
[16-Dec-2023 16:40:48 UTC] PHP Warning:  Unknown: Failed to open stream: No such file or directory in Unknown on line 0
[16-Dec-2023 16:40:48 UTC] PHP Fatal error:  Failed opening required '/private/var/folders/4r/35wsvxk13s78nj8h6wwhf9vr0000gn/T/AppTranslocation/1FB03188-9CC2-4C00-B6FB-F0864D541C1C/d/Local.app/Contents/Resources/extraResources/local-bootstrap.php' (include_path='.:/usr/share/php:/www/wp-content/pear') in Unknown on line 0
[17-Dec-2023 17:46:19 UTC] PHP Warning:  Unknown: Failed to open stream: No such file or directory in Unknown on line 0
[17-Dec-2023 17:46:19 UTC] PHP Fatal error:  Failed opening required '/private/var/folders/4r/35wsvxk13s78nj8h6wwhf9vr0000gn/T/AppTranslocation/943A6EA0-2EA1-452F-9CD6-EFA06311C3C9/d/Local.app/Contents/Resources/extraResources/local-bootstrap.php' (include_path='.:/usr/share/php:/www/wp-content/pear') in Unknown on line 0
[17-Dec-2023 17:46:19 UTC] PHP Warning:  Unknown: Failed to open stream: No such file or directory in Unknown on line 0
[17-Dec-2023 17:46:19 UTC] PHP Fatal error:  Failed opening required '/private/var/folders/4r/35wsvxk13s78nj8h6wwhf9vr0000gn/T/AppTranslocation/943A6EA0-2EA1-452F-9CD6-EFA06311C3C9/d/Local.app/Contents/Resources/extraResources/local-bootstrap.php' (include_path='.:/usr/share/php:/www/wp-content/pear') in Unknown on line 0
[17-Dec-2023 22:52:46 UTC] Sync process for Gutenberg Blocks has started.
[17-Dec-2023 22:52:46 UTC] CATEGORY: Storing in option ast-block-templates-categories
[17-Dec-2023 22:52:46 UTC] BLOCK: Requests count 8
[17-Dec-2023 22:52:46 UTC] BLOCK: Importing request 1 ..
[17-Dec-2023 22:52:46 UTC] BLOCK: https://websitedemos.net/wp-json/astra-blocks/v2/blocks/?page_builder=gutenberg&per_page=30&page=1&wireframe=yes
[17-Dec-2023 22:52:46 UTC] BLOCK: Storing in option ast-block-templates-blocks-1
[17-Dec-2023 22:52:46 UTC] BLOCK: Completed request 1
[17-Dec-2023 22:52:46 UTC] BLOCK: Importing request 2 ..
[17-Dec-2023 22:52:46 UTC] BLOCK: https://websitedemos.net/wp-json/astra-blocks/v2/blocks/?page_builder=gutenberg&per_page=30&page=2&wireframe=yes
[17-Dec-2023 22:52:47 UTC] BLOCK: Storing in option ast-block-templates-blocks-2
[17-Dec-2023 22:52:47 UTC] BLOCK: Completed request 2
[17-Dec-2023 22:52:47 UTC] BLOCK: Importing request 3 ..
[17-Dec-2023 22:52:47 UTC] BLOCK: https://websitedemos.net/wp-json/astra-blocks/v2/blocks/?page_builder=gutenberg&per_page=30&page=3&wireframe=yes
[17-Dec-2023 22:52:47 UTC] BLOCK: Storing in option ast-block-templates-blocks-3
[17-Dec-2023 22:52:48 UTC] BLOCK: Completed request 3
[17-Dec-2023 22:52:48 UTC] BLOCK: Importing request 4 ..
[17-Dec-2023 22:52:48 UTC] BLOCK: https://websitedemos.net/wp-json/astra-blocks/v2/blocks/?page_builder=gutenberg&per_page=30&page=4&wireframe=yes
[17-Dec-2023 22:52:48 UTC] BLOCK: Storing in option ast-block-templates-blocks-4
[17-Dec-2023 22:52:48 UTC] BLOCK: Completed request 4
[17-Dec-2023 22:52:48 UTC] BLOCK: Importing request 5 ..
[17-Dec-2023 22:52:48 UTC] BLOCK: https://websitedemos.net/wp-json/astra-blocks/v2/blocks/?page_builder=gutenberg&per_page=30&page=5&wireframe=yes
[17-Dec-2023 22:52:49 UTC] BLOCK: Storing in option ast-block-templates-blocks-5
[17-Dec-2023 22:52:49 UTC] BLOCK: Completed request 5
[17-Dec-2023 22:52:49 UTC] BLOCK: Importing request 6 ..
[17-Dec-2023 22:52:49 UTC] BLOCK: https://websitedemos.net/wp-json/astra-blocks/v2/blocks/?page_builder=gutenberg&per_page=30&page=6&wireframe=yes
[17-Dec-2023 22:52:50 UTC] BLOCK: Storing in option ast-block-templates-blocks-6
[17-Dec-2023 22:52:50 UTC] BLOCK: Completed request 6
[17-Dec-2023 22:52:50 UTC] BLOCK: Importing request 7 ..
[17-Dec-2023 22:52:50 UTC] BLOCK: https://websitedemos.net/wp-json/astra-blocks/v2/blocks/?page_builder=gutenberg&per_page=30&page=7&wireframe=yes
[17-Dec-2023 22:52:50 UTC] BLOCK: Storing in option ast-block-templates-blocks-7
[17-Dec-2023 22:52:50 UTC] BLOCK: Completed request 7
[17-Dec-2023 22:52:50 UTC] BLOCK: Importing request 8 ..
[17-Dec-2023 22:52:50 UTC] BLOCK: https://websitedemos.net/wp-json/astra-blocks/v2/blocks/?page_builder=gutenberg&per_page=30&page=8&wireframe=yes
[17-Dec-2023 22:52:51 UTC] BLOCK: Storing in option ast-block-templates-blocks-8
[17-Dec-2023 22:52:51 UTC] BLOCK: Completed request 8
[17-Dec-2023 22:52:51 UTC] Sync process for Gutenberg Blocks is done.
[17-Dec-2023 22:52:51 UTC] BLOCK: Getting Server Custimizer CSS
[17-Dec-2023 22:52:51 UTC] BLOCK: https://websitedemos.net/wp-json/astra-blocks/v2/get-customizer-css
[18-Dec-2023 23:46:16 UTC] PHP Warning:  Unknown: Failed to open stream: No such file or directory in Unknown on line 0
[18-Dec-2023 23:46:16 UTC] PHP Fatal error:  Failed opening required '/private/var/folders/4r/35wsvxk13s78nj8h6wwhf9vr0000gn/T/AppTranslocation/7657B162-57C1-423A-9A1E-B11647DF7539/d/Local.app/Contents/Resources/extraResources/local-bootstrap.php' (include_path='.:/usr/share/php:/www/wp-content/pear') in Unknown on line 0
[18-Dec-2023 23:46:16 UTC] PHP Warning:  Unknown: Failed to open stream: No such file or directory in Unknown on line 0
[18-Dec-2023 23:46:16 UTC] PHP Fatal error:  Failed opening required '/private/var/folders/4r/35wsvxk13s78nj8h6wwhf9vr0000gn/T/AppTranslocation/7657B162-57C1-423A-9A1E-B11647DF7539/d/Local.app/Contents/Resources/extraResources/local-bootstrap.php' (include_path='.:/usr/share/php:/www/wp-content/pear') in Unknown on line 0
[18-Dec-2023 23:46:48 UTC] Sync process for Gutenberg Blocks has started.
[18-Dec-2023 23:46:48 UTC] CATEGORY: Storing in option ast-block-templates-categories
[18-Dec-2023 23:46:48 UTC] BLOCK: Requests count 8
[18-Dec-2023 23:46:48 UTC] BLOCK: Importing request 1 ..
[18-Dec-2023 23:46:48 UTC] BLOCK: https://websitedemos.net/wp-json/astra-blocks/v2/blocks/?page_builder=gutenberg&per_page=30&page=1&wireframe=yes
[18-Dec-2023 23:46:49 UTC] BLOCK: Storing in option ast-block-templates-blocks-1
[18-Dec-2023 23:46:49 UTC] BLOCK: Completed request 1
[18-Dec-2023 23:46:49 UTC] BLOCK: Importing request 2 ..
[18-Dec-2023 23:46:49 UTC] BLOCK: https://websitedemos.net/wp-json/astra-blocks/v2/blocks/?page_builder=gutenberg&per_page=30&page=2&wireframe=yes
[18-Dec-2023 23:46:49 UTC] BLOCK: Storing in option ast-block-templates-blocks-2
[18-Dec-2023 23:46:49 UTC] BLOCK: Completed request 2
[18-Dec-2023 23:46:49 UTC] BLOCK: Importing request 3 ..
[18-Dec-2023 23:46:49 UTC] BLOCK: https://websitedemos.net/wp-json/astra-blocks/v2/blocks/?page_builder=gutenberg&per_page=30&page=3&wireframe=yes
[18-Dec-2023 23:46:50 UTC] BLOCK: Storing in option ast-block-templates-blocks-3
[18-Dec-2023 23:46:50 UTC] BLOCK: Completed request 3
[18-Dec-2023 23:46:50 UTC] BLOCK: Importing request 4 ..
[18-Dec-2023 23:46:50 UTC] BLOCK: https://websitedemos.net/wp-json/astra-blocks/v2/blocks/?page_builder=gutenberg&per_page=30&page=4&wireframe=yes
[18-Dec-2023 23:46:51 UTC] BLOCK: Storing in option ast-block-templates-blocks-4
[18-Dec-2023 23:46:51 UTC] BLOCK: Completed request 4
[18-Dec-2023 23:46:51 UTC] BLOCK: Importing request 5 ..
[18-Dec-2023 23:46:51 UTC] BLOCK: https://websitedemos.net/wp-json/astra-blocks/v2/blocks/?page_builder=gutenberg&per_page=30&page=5&wireframe=yes
[18-Dec-2023 23:46:51 UTC] BLOCK: Storing in option ast-block-templates-blocks-5
[18-Dec-2023 23:46:51 UTC] BLOCK: Completed request 5
[18-Dec-2023 23:46:51 UTC] BLOCK: Importing request 6 ..
[18-Dec-2023 23:46:51 UTC] BLOCK: https://websitedemos.net/wp-json/astra-blocks/v2/blocks/?page_builder=gutenberg&per_page=30&page=6&wireframe=yes
[18-Dec-2023 23:46:52 UTC] BLOCK: Storing in option ast-block-templates-blocks-6
[18-Dec-2023 23:46:52 UTC] BLOCK: Completed request 6
[18-Dec-2023 23:46:52 UTC] BLOCK: Importing request 7 ..
[18-Dec-2023 23:46:52 UTC] BLOCK: https://websitedemos.net/wp-json/astra-blocks/v2/blocks/?page_builder=gutenberg&per_page=30&page=7&wireframe=yes
[18-Dec-2023 23:46:52 UTC] BLOCK: Storing in option ast-block-templates-blocks-7
[18-Dec-2023 23:46:52 UTC] BLOCK: Completed request 7
[18-Dec-2023 23:46:52 UTC] BLOCK: Importing request 8 ..
[18-Dec-2023 23:46:52 UTC] BLOCK: https://websitedemos.net/wp-json/astra-blocks/v2/blocks/?page_builder=gutenberg&per_page=30&page=8&wireframe=yes
[18-Dec-2023 23:46:52 UTC] BLOCK: Storing in option ast-block-templates-blocks-8
[18-Dec-2023 23:46:52 UTC] BLOCK: Completed request 8
[18-Dec-2023 23:46:52 UTC] Sync process for Gutenberg Blocks is done.
[18-Dec-2023 23:46:52 UTC] BLOCK: Getting Server Custimizer CSS
[18-Dec-2023 23:46:52 UTC] BLOCK: https://websitedemos.net/wp-json/astra-blocks/v2/get-customizer-css
[18-Dec-2023 23:46:54 UTC] Blocks are up to date.
[19-Dec-2023 23:17:48 UTC] PHP Warning:  Unknown: Failed to open stream: No such file or directory in Unknown on line 0
[19-Dec-2023 23:17:48 UTC] PHP Fatal error:  Failed opening required '/private/var/folders/4r/35wsvxk13s78nj8h6wwhf9vr0000gn/T/AppTranslocation/DB5FA7DB-48FD-4D4E-B0DB-BEC625792559/d/Local.app/Contents/Resources/extraResources/local-bootstrap.php' (include_path='.:/usr/share/php:/www/wp-content/pear') in Unknown on line 0
[19-Dec-2023 23:17:48 UTC] PHP Warning:  Unknown: Failed to open stream: No such file or directory in Unknown on line 0
[19-Dec-2023 23:17:48 UTC] PHP Fatal error:  Failed opening required '/private/var/folders/4r/35wsvxk13s78nj8h6wwhf9vr0000gn/T/AppTranslocation/DB5FA7DB-48FD-4D4E-B0DB-BEC625792559/d/Local.app/Contents/Resources/extraResources/local-bootstrap.php' (include_path='.:/usr/share/php:/www/wp-content/pear') in Unknown on line 0
[19-Dec-2023 23:47:57 UTC] Sync process for Gutenberg Blocks has started.
[19-Dec-2023 23:47:57 UTC] CATEGORY: Storing in option ast-block-templates-categories
[19-Dec-2023 23:47:57 UTC] BLOCK: Requests count 8
[19-Dec-2023 23:47:57 UTC] BLOCK: Importing request 1 ..
[19-Dec-2023 23:47:57 UTC] BLOCK: https://websitedemos.net/wp-json/astra-blocks/v2/blocks/?page_builder=gutenberg&per_page=30&page=1&wireframe=yes
[19-Dec-2023 23:47:57 UTC] BLOCK: Storing in option ast-block-templates-blocks-1
[19-Dec-2023 23:47:57 UTC] BLOCK: Completed request 1
[19-Dec-2023 23:47:57 UTC] BLOCK: Importing request 2 ..
[19-Dec-2023 23:47:57 UTC] BLOCK: https://websitedemos.net/wp-json/astra-blocks/v2/blocks/?page_builder=gutenberg&per_page=30&page=2&wireframe=yes
[19-Dec-2023 23:47:58 UTC] BLOCK: Storing in option ast-block-templates-blocks-2
[19-Dec-2023 23:47:58 UTC] BLOCK: Completed request 2
[19-Dec-2023 23:47:58 UTC] BLOCK: Importing request 3 ..
[19-Dec-2023 23:47:58 UTC] BLOCK: https://websitedemos.net/wp-json/astra-blocks/v2/blocks/?page_builder=gutenberg&per_page=30&page=3&wireframe=yes
[19-Dec-2023 23:47:58 UTC] BLOCK: Storing in option ast-block-templates-blocks-3
[19-Dec-2023 23:47:58 UTC] BLOCK: Completed request 3
[19-Dec-2023 23:47:58 UTC] BLOCK: Importing request 4 ..
[19-Dec-2023 23:47:58 UTC] BLOCK: https://websitedemos.net/wp-json/astra-blocks/v2/blocks/?page_builder=gutenberg&per_page=30&page=4&wireframe=yes
[19-Dec-2023 23:47:59 UTC] BLOCK: Storing in option ast-block-templates-blocks-4
[19-Dec-2023 23:47:59 UTC] BLOCK: Completed request 4
[19-Dec-2023 23:47:59 UTC] BLOCK: Importing request 5 ..
[19-Dec-2023 23:47:59 UTC] BLOCK: https://websitedemos.net/wp-json/astra-blocks/v2/blocks/?page_builder=gutenberg&per_page=30&page=5&wireframe=yes
[19-Dec-2023 23:47:59 UTC] BLOCK: Storing in option ast-block-templates-blocks-5
[19-Dec-2023 23:47:59 UTC] BLOCK: Completed request 5
[19-Dec-2023 23:47:59 UTC] BLOCK: Importing request 6 ..
[19-Dec-2023 23:47:59 UTC] BLOCK: https://websitedemos.net/wp-json/astra-blocks/v2/blocks/?page_builder=gutenberg&per_page=30&page=6&wireframe=yes
[19-Dec-2023 23:48:00 UTC] BLOCK: Storing in option ast-block-templates-blocks-6
[19-Dec-2023 23:48:00 UTC] BLOCK: Completed request 6
[19-Dec-2023 23:48:00 UTC] BLOCK: Importing request 7 ..
[19-Dec-2023 23:48:00 UTC] BLOCK: https://websitedemos.net/wp-json/astra-blocks/v2/blocks/?page_builder=gutenberg&per_page=30&page=7&wireframe=yes
[19-Dec-2023 23:48:00 UTC] BLOCK: Storing in option ast-block-templates-blocks-7
[19-Dec-2023 23:48:00 UTC] BLOCK: Completed request 7
[19-Dec-2023 23:48:00 UTC] BLOCK: Importing request 8 ..
[19-Dec-2023 23:48:00 UTC] BLOCK: https://websitedemos.net/wp-json/astra-blocks/v2/blocks/?page_builder=gutenberg&per_page=30&page=8&wireframe=yes
[19-Dec-2023 23:48:00 UTC] BLOCK: Storing in option ast-block-templates-blocks-8
[19-Dec-2023 23:48:00 UTC] BLOCK: Completed request 8
[19-Dec-2023 23:48:00 UTC] Sync process for Gutenberg Blocks is done.
[19-Dec-2023 23:48:00 UTC] BLOCK: Getting Server Custimizer CSS
[19-Dec-2023 23:48:00 UTC] BLOCK: https://websitedemos.net/wp-json/astra-blocks/v2/get-customizer-css
[20-Dec-2023 17:06:07 UTC] PHP Warning:  Unknown: Failed to open stream: No such file or directory in Unknown on line 0
[20-Dec-2023 17:06:08 UTC] PHP Fatal error:  Failed opening required '/private/var/folders/4r/35wsvxk13s78nj8h6wwhf9vr0000gn/T/AppTranslocation/332111E5-F312-4F94-B459-CBDC31F86918/d/Local.app/Contents/Resources/extraResources/local-bootstrap.php' (include_path='.:/usr/share/php:/www/wp-content/pear') in Unknown on line 0
[20-Dec-2023 17:06:08 UTC] PHP Warning:  Unknown: Failed to open stream: No such file or directory in Unknown on line 0
[20-Dec-2023 17:06:08 UTC] PHP Fatal error:  Failed opening required '/private/var/folders/4r/35wsvxk13s78nj8h6wwhf9vr0000gn/T/AppTranslocation/332111E5-F312-4F94-B459-CBDC31F86918/d/Local.app/Contents/Resources/extraResources/local-bootstrap.php' (include_path='.:/usr/share/php:/www/wp-content/pear') in Unknown on line 0
[20-Dec-2023 23:50:21 UTC] Blocks are up to date.
