[16-Nov-2023 15:30:38] NOTICE: fpm is running, pid 24080
[16-Nov-2023 15:30:38] NOTICE: ready to handle connections
[16-Nov-2023 15:32:31] NOTICE: Terminating ...
[16-Nov-2023 15:32:31] NOTICE: Terminating ...
[16-Nov-2023 15:32:31] NOTICE: exiting, bye-bye!
[16-Nov-2023 15:32:39] NOTICE: fpm is running, pid 25237
[16-Nov-2023 15:32:39] NOTICE: ready to handle connections
[16-Nov-2023 19:41:57] NOTICE: Terminating ...
[16-Nov-2023 19:41:57] NOTICE: Terminating ...
[16-Nov-2023 19:41:57] NOTICE: exiting, bye-bye!
[17-Nov-2023 06:10:55] NOTICE: fpm is running, pid 4847
[17-Nov-2023 06:10:55] NOTICE: ready to handle connections
[17-Nov-2023 19:23:37] NOTICE: Terminating ...
[17-Nov-2023 19:23:37] NOTICE: Terminating ...
[17-Nov-2023 19:23:37] NOTICE: exiting, bye-bye!
[19-Nov-2023 14:33:28] NOTICE: fpm is running, pid 9794
[19-Nov-2023 14:33:28] NOTICE: ready to handle connections
[19-Nov-2023 19:40:35] NOTICE: Terminating ...
[19-Nov-2023 19:40:35] NOTICE: Terminating ...
[19-Nov-2023 19:40:35] NOTICE: exiting, bye-bye!
[20-Nov-2023 13:06:54] NOTICE: fpm is running, pid 10157
[20-Nov-2023 13:06:54] NOTICE: ready to handle connections
[20-Nov-2023 19:40:24] NOTICE: Terminating ...
[20-Nov-2023 19:40:24] NOTICE: Terminating ...
[20-Nov-2023 19:40:24] NOTICE: exiting, bye-bye!
[23-Nov-2023 14:33:41] NOTICE: fpm is running, pid 8476
[23-Nov-2023 14:33:41] NOTICE: ready to handle connections
[23-Nov-2023 17:56:31] NOTICE: Terminating ...
[23-Nov-2023 17:56:31] NOTICE: Terminating ...
[23-Nov-2023 17:56:31] NOTICE: exiting, bye-bye!
[24-Nov-2023 12:41:16] NOTICE: fpm is running, pid 7925
[24-Nov-2023 12:41:16] NOTICE: ready to handle connections
[24-Nov-2023 18:17:17] NOTICE: Terminating ...
[24-Nov-2023 18:17:17] NOTICE: Terminating ...
[24-Nov-2023 18:17:17] NOTICE: exiting, bye-bye!
[25-Nov-2023 13:31:53] NOTICE: fpm is running, pid 7730
[25-Nov-2023 13:31:53] NOTICE: ready to handle connections
[25-Nov-2023 19:09:24] NOTICE: Terminating ...
[25-Nov-2023 19:09:24] NOTICE: Terminating ...
[25-Nov-2023 19:09:24] NOTICE: exiting, bye-bye!
[26-Nov-2023 15:04:05] NOTICE: fpm is running, pid 9485
[26-Nov-2023 15:04:05] NOTICE: ready to handle connections
[26-Nov-2023 18:26:51] NOTICE: Terminating ...
[26-Nov-2023 18:26:51] NOTICE: Terminating ...
[26-Nov-2023 18:26:51] NOTICE: exiting, bye-bye!
[27-Nov-2023 12:29:17] NOTICE: fpm is running, pid 9529
[27-Nov-2023 12:29:17] NOTICE: ready to handle connections
[27-Nov-2023 18:39:51] NOTICE: Terminating ...
[27-Nov-2023 18:39:51] NOTICE: Terminating ...
[27-Nov-2023 18:39:51] NOTICE: exiting, bye-bye!
[28-Nov-2023 13:09:50] NOTICE: fpm is running, pid 21213
[28-Nov-2023 13:09:50] NOTICE: ready to handle connections
[28-Nov-2023 19:12:59] NOTICE: Terminating ...
[28-Nov-2023 19:12:59] NOTICE: Terminating ...
[28-Nov-2023 19:12:59] NOTICE: exiting, bye-bye!
[29-Nov-2023 11:04:37] NOTICE: fpm is running, pid 8966
[29-Nov-2023 11:04:37] NOTICE: ready to handle connections
[29-Nov-2023 19:05:31] NOTICE: Terminating ...
[29-Nov-2023 19:05:31] NOTICE: Terminating ...
[29-Nov-2023 19:05:31] NOTICE: exiting, bye-bye!
[30-Nov-2023 11:08:22] NOTICE: fpm is running, pid 8518
[30-Nov-2023 11:08:22] NOTICE: ready to handle connections
[30-Nov-2023 19:04:46] NOTICE: Terminating ...
[30-Nov-2023 19:04:46] NOTICE: Terminating ...
[30-Nov-2023 19:04:46] NOTICE: exiting, bye-bye!
[01-Dec-2023 11:38:41] NOTICE: fpm is running, pid 13098
[01-Dec-2023 11:38:41] NOTICE: ready to handle connections
[01-Dec-2023 19:06:03] NOTICE: Terminating ...
[01-Dec-2023 19:06:03] NOTICE: Terminating ...
[01-Dec-2023 19:06:03] NOTICE: exiting, bye-bye!
[02-Dec-2023 12:18:50] NOTICE: fpm is running, pid 6557
[02-Dec-2023 12:18:50] NOTICE: ready to handle connections
[02-Dec-2023 18:58:32] NOTICE: Terminating ...
[02-Dec-2023 18:58:32] NOTICE: Terminating ...
[02-Dec-2023 18:58:32] NOTICE: exiting, bye-bye!
[06-Dec-2023 12:38:00] NOTICE: fpm is running, pid 24301
[06-Dec-2023 12:38:00] NOTICE: ready to handle connections
[06-Dec-2023 19:33:09] NOTICE: Terminating ...
[06-Dec-2023 19:33:09] NOTICE: Terminating ...
[06-Dec-2023 19:33:09] NOTICE: exiting, bye-bye!
[07-Dec-2023 12:18:24] NOTICE: fpm is running, pid 13019
[07-Dec-2023 12:18:24] NOTICE: ready to handle connections
[07-Dec-2023 19:33:02] NOTICE: Terminating ...
[07-Dec-2023 19:33:02] NOTICE: Terminating ...
[07-Dec-2023 19:33:02] NOTICE: exiting, bye-bye!
[08-Dec-2023 15:39:30] NOTICE: fpm is running, pid 16495
[08-Dec-2023 15:39:30] NOTICE: ready to handle connections
[08-Dec-2023 19:24:09] NOTICE: Terminating ...
[08-Dec-2023 19:24:09] NOTICE: exiting, bye-bye!
[09-Dec-2023 11:28:05] NOTICE: fpm is running, pid 17394
[09-Dec-2023 11:28:05] NOTICE: ready to handle connections
[09-Dec-2023 19:30:53] NOTICE: Terminating ...
[09-Dec-2023 19:30:53] NOTICE: Terminating ...
[09-Dec-2023 19:30:53] NOTICE: exiting, bye-bye!
[10-Dec-2023 13:52:15] NOTICE: fpm is running, pid 71587
[10-Dec-2023 13:52:15] NOTICE: ready to handle connections
[10-Dec-2023 19:44:21] NOTICE: Terminating ...
[10-Dec-2023 19:44:21] NOTICE: Terminating ...
[10-Dec-2023 19:44:21] NOTICE: exiting, bye-bye!
[11-Dec-2023 12:33:51] NOTICE: fpm is running, pid 8692
[11-Dec-2023 12:33:51] NOTICE: ready to handle connections
[11-Dec-2023 19:55:08] NOTICE: Terminating ...
[11-Dec-2023 19:55:08] NOTICE: exiting, bye-bye!
[12-Dec-2023 11:12:18] NOTICE: fpm is running, pid 8286
[12-Dec-2023 11:12:18] NOTICE: ready to handle connections
[12-Dec-2023 19:07:01] NOTICE: Terminating ...
[12-Dec-2023 19:07:01] NOTICE: exiting, bye-bye!
[13-Dec-2023 12:19:23] NOTICE: fpm is running, pid 8502
[13-Dec-2023 12:19:23] NOTICE: ready to handle connections
[13-Dec-2023 18:10:06] NOTICE: Terminating ...
[13-Dec-2023 18:10:06] NOTICE: Terminating ...
[13-Dec-2023 18:10:06] NOTICE: exiting, bye-bye!
[14-Dec-2023 11:53:06] NOTICE: fpm is running, pid 3522
[14-Dec-2023 11:53:06] NOTICE: ready to handle connections
[14-Dec-2023 20:03:09] NOTICE: Terminating ...
[14-Dec-2023 20:03:09] NOTICE: Terminating ...
[14-Dec-2023 20:03:09] NOTICE: exiting, bye-bye!
[15-Dec-2023 12:53:53] NOTICE: fpm is running, pid 48974
[15-Dec-2023 12:53:53] NOTICE: ready to handle connections
[15-Dec-2023 20:09:35] NOTICE: Terminating ...
[15-Dec-2023 20:09:35] NOTICE: Terminating ...
[15-Dec-2023 20:09:35] NOTICE: exiting, bye-bye!
[16-Dec-2023 11:40:50] NOTICE: fpm is running, pid 6141
[16-Dec-2023 11:40:50] NOTICE: ready to handle connections
[16-Dec-2023 20:03:11] NOTICE: Terminating ...
[16-Dec-2023 20:03:11] NOTICE: Terminating ...
[16-Dec-2023 20:03:11] NOTICE: exiting, bye-bye!
[17-Dec-2023 12:47:49] NOTICE: fpm is running, pid 9511
[17-Dec-2023 12:47:49] NOTICE: ready to handle connections
[17-Dec-2023 20:03:31] NOTICE: Terminating ...
[17-Dec-2023 20:03:31] NOTICE: Terminating ...
[17-Dec-2023 20:03:31] NOTICE: exiting, bye-bye!
[18-Dec-2023 18:46:18] NOTICE: fpm is running, pid 83557
[18-Dec-2023 18:46:18] NOTICE: ready to handle connections
[18-Dec-2023 20:11:24] NOTICE: Terminating ...
[18-Dec-2023 20:11:24] NOTICE: Terminating ...
[18-Dec-2023 20:11:24] NOTICE: exiting, bye-bye!
[19-Dec-2023 18:17:49] NOTICE: fpm is running, pid 15305
[19-Dec-2023 18:17:49] NOTICE: ready to handle connections
[19-Dec-2023 19:59:54] NOTICE: Terminating ...
[19-Dec-2023 19:59:54] NOTICE: Terminating ...
[19-Dec-2023 19:59:54] NOTICE: exiting, bye-bye!
[20-Dec-2023 12:06:08] NOTICE: fpm is running, pid 7615
[20-Dec-2023 12:06:08] NOTICE: ready to handle connections
[20-Dec-2023 20:00:30] NOTICE: Terminating ...
[20-Dec-2023 20:00:30] NOTICE: Terminating ...
[20-Dec-2023 20:00:30] NOTICE: exiting, bye-bye!
